    ◍ java-language-server
      ▼ Displaying full log
        Cloning git repository "https://github.com/georgewfraser/java-language-server.git"…
        Cloning into '.'...
        From https://github.com/georgewfraser/java-language-server
         * tag               v0.2.39    -> FETCH_HEAD
        + ./scripts/link_mac.sh
        + mvn package -DskipTests
        [INFO] Scanning for projects...
        [INFO] 
        [INFO] ---------------------< org.javacs:javac-services >----------------------
        [INFO] Building javac-services 0.1-SNAPSHOT
        [INFO]   from pom.xml
        [INFO] --------------------------------[ jar ]---------------------------------
        Downloading from nexus: http://nexus.intuit.net/nexus/content/groups/public/org/apache/maven/plugins/maven-compiler-plugin/3.8.0/maven-compiler-plugin-3.8.0.pom
        Progress (1): 2.7/12 kBProgress (1): 11/12 kB Progress (1): 12 kB                      Downloaded from nexus: http://nexus.intuit.net/nexus/content/groups/public/org/apache/maven/plugins/maven-compiler-plugin/3.8.0/maven-compiler-plugin-3.8.0.pom (12 kB at 28 kB/s)
        Downloading from nexus: http://nexus.intuit.net/nexus/content/groups/public/org/apache/maven/plugins/maven-plugins/32/maven-plugins-32.pom
        Progress (1): 7.2/11 kBProgress (1): 11 kB                       Downloaded from nexus: http://nexus.intuit.net/nexus/content/groups/public/org/apache/maven/plugins/maven-plugins/32/maven-plugins-32.pom (11 kB at 44 kB/s)
        Downloading from nexus: http://nexus.intuit.net/nexus/content/groups/public/org/apache/maven/maven-parent/32/maven-parent-32.pom
        Progress (1): 7.3/43 kBProgress (1): 11/43 kB Progress (1): 13/43 kBProgress (1): 14/43 kBProgress (1): 36/43 kBProgress (1): 39/43 kBProgress (1): 40/43 kBProgress (1): 43 kB                      Downloaded from nexus: http://nexus.intuit.net/nexus/content/groups/public/org/apache/maven/maven-parent/32/maven-parent-32.pom (43 kB at 148 kB/s)
        Downloading from nexus: http://nexus.intuit.net/nexus/content/groups/public/org/apache/maven/plugins/maven-compiler-plugin/3.8.0/maven-compiler-plugin-3.8.0.jar
        Progress (1): 1.5/62 kBProgress (1): 27/62 kB Progress (1): 32/62 kBProgress (1): 35/62 kBProgress (1): 61/62 kBProgress (1): 62 kB                      Downloaded from nexus: http://nexus.intuit.net/nexus/content/groups/public/org/apache/maven/plugins/maven-compiler-plugin/3.8.0/maven-compiler-plugin-3.8.0.jar (62 kB at 209 kB/s)
        Downloading from nexus: http://nexus.intuit.net/nexus/content/groups/public/org/apache/maven/plugins/maven-surefire-plugin/3.0.0-M7/maven-surefire-plugin-3.0.0-M7.pom
        Progress (1): 7.2/7.2 kBProgress (1): 7.2 kB                        Downloaded from nexus: http://nexus.intuit.net/nexus/content/groups/public/org/apache/maven/plugins/maven-surefire-plugin/3.0.0-M7/maven-surefire-plugin-3.0.0-M7.pom (7.2 kB at 29 kB/s)
        Downloading from nexus: http://nexus.intuit.net/nexus/content/groups/public/org/apache/maven/surefire/surefire/3.0.0-M7/surefire-3.0.0-M7.pom
        Progress (1): 2.8/22 kBProgress (1): 21/22 kB Progress (1): 22 kB                      Downloaded from nexus: http://nexus.intuit.net/nexus/content/groups/public/org/apache/maven/surefire/surefire/3.0.0-M7/surefire-3.0.0-M7.pom (22 kB at 85 kB/s)
        Downloading from nexus: http://nexus.intuit.net/nexus/content/groups/public/org/apache/maven/plugins/maven-surefire-plugin/3.0.0-M7/maven-surefire-plugin-3.0.0-M7.jar
        Progress (1): 2.7/44 kBProgress (1): 23/44 kB Progress (1): 26/44 kBProgress (1): 44/44 kBProgress (1): 44 kB                      Downloaded from nexus: http://nexus.intuit.net/nexus/content/groups/public/org/apache/maven/plugins/maven-surefire-plugin/3.0.0-M7/maven-surefire-plugin-3.0.0-M7.jar (44 kB at 123 kB/s)
        Downloading from nexus: http://nexus.intuit.net/nexus/content/groups/public/org/apache/maven/plugins/maven-jar-plugin/2.3.1/maven-jar-plugin-2.3.1.pom
        Progress (1): 5.7 kB                    Downloaded from nexus: http://nexus.intuit.net/nexus/content/groups/public/org/apache/maven/plugins/maven-jar-plugin/2.3.1/maven-jar-plugin-2.3.1.pom (5.7 kB at 18 kB/s)
        Downloading from nexus: http://nexus.intuit.net/nexus/content/groups/public/org/apache/maven/plugins/maven-plugins/18/maven-plugins-18.pom
        Progress (1): 7.2/13 kBProgress (1): 13 kB                       Downloaded from nexus: http://nexus.intuit.net/nexus/content/groups/public/org/apache/maven/plugins/maven-plugins/18/maven-plugins-18.pom (13 kB at 50 kB/s)
        Downloading from nexus: http://nexus.intuit.net/nexus/content/groups/public/org/apache/maven/plugins/maven-jar-plugin/2.3.1/maven-jar-plugin-2.3.1.jar
        Progress (1): 7.2/32 kBProgress (1): 14/32 kB Progress (1): 17/32 kBProgress (1): 32 kB                      Downloaded from nexus: http://nexus.intuit.net/nexus/content/groups/public/org/apache/maven/plugins/maven-jar-plugin/2.3.1/maven-jar-plugin-2.3.1.jar (32 kB at 82 kB/s)
        Downloading from nexus: http://nexus.intuit.net/nexus/content/groups/public/org/apache/maven/plugins/maven-dependency-plugin/3.1.1/maven-dependency-plugin-3.1.1.pom
        Progress (1): 7.2/15 kBProgress (1): 15 kB                       Downloaded from nexus: http://nexus.intuit.net/nexus/content/groups/public/org/apache/maven/plugins/maven-dependency-plugin/3.1.1/maven-dependency-plugin-3.1.1.pom (15 kB at 64 kB/s)
        Downloading from nexus: http://nexus.intuit.net/nexus/content/groups/public/org/apache/maven/plugins/maven-plugins/31/maven-plugins-31.pom
        Progress (1): 7.2/10 kBProgress (1): 10 kB                       Downloaded from nexus: http://nexus.intuit.net/nexus/content/groups/public/org/apache/maven/plugins/maven-plugins/31/maven-plugins-31.pom (10 kB at 42 kB/s)
        Downloading from nexus: http://nexus.intuit.net/nexus/content/groups/public/org/apache/maven/plugins/maven-dependency-plugin/3.1.1/maven-dependency-plugin-3.1.1.jar
        Progress (1): 0.3/167 kBProgress (1): 13/167 kB Progress (1): 16/167 kBProgress (1): 40/167 kBProgress (1): 47/167 kBProgress (1): 51/167 kBProgress (1): 81/167 kBProgress (1): 94/167 kBProgress (1): 108/167 kBProgress (1): 115/167 kBProgress (1): 118/167 kBProgress (1): 149/167 kBProgress (1): 167/167 kBProgress (1): 167 kB                        Downloaded from nexus: http://nexus.intuit.net/nexus/content/groups/public/org/apache/maven/plugins/maven-dependency-plugin/3.1.1/maven-dependency-plugin-3.1.1.jar (167 kB at 536 kB/s)
        Downloading from nexus: http://nexus.intuit.net/nexus/content/groups/public/org/openjdk/jmh/jmh-core/1.21/jmh-core-1.21.pom
        Progress (1): 2.8/9.4 kBProgress (1): 9.4 kB                        Downloaded from nexus: http://nexus.intuit.net/nexus/content/groups/public/org/openjdk/jmh/jmh-core/1.21/jmh-core-1.21.pom (9.4 kB at 27 kB/s)
        Downloading from nexus: http://nexus.intuit.net/nexus/content/groups/public/org/openjdk/jmh/jmh-parent/1.21/jmh-parent-1.21.pom
        Progress (1): 7.3/11 kBProgress (1): 11 kB                       Downloaded from nexus: http://nexus.intuit.net/nexus/content/groups/public/org/openjdk/jmh/jmh-parent/1.21/jmh-parent-1.21.pom (11 kB at 26 kB/s)
        Downloading from nexus: http://nexus.intuit.net/nexus/content/groups/public/net/sf/jopt-simple/jopt-simple/4.6/jopt-simple-4.6.pom
        Progress (1): 2.8/11 kBProgress (1): 11 kB                       Downloaded from nexus: http://nexus.intuit.net/nexus/content/groups/public/net/sf/jopt-simple/jopt-simple/4.6/jopt-simple-4.6.pom (11 kB at 42 kB/s)
        Downloading from nexus: http://nexus.intuit.net/nexus/content/groups/public/org/apache/commons/commons-math3/3.2/commons-math3-3.2.pom
        Progress (1): 2.8/17 kBProgress (1): 11/17 kB Progress (1): 17 kB                      Downloaded from nexus: http://nexus.intuit.net/nexus/content/groups/public/org/apache/commons/commons-math3/3.2/commons-math3-3.2.pom (17 kB at 67 kB/s)
        Downloading from nexus: http://nexus.intuit.net/nexus/content/groups/public/org/openjdk/jmh/jmh-generator-annprocess/1.21/jmh-generator-annprocess-1.21.pom
        Progress (1): 3.8 kB                    Downloaded from nexus: http://nexus.intuit.net/nexus/content/groups/public/org/openjdk/jmh/jmh-generator-annprocess/1.21/jmh-generator-annprocess-1.21.pom (3.8 kB at 12 kB/s)
        Downloading from nexus: http://nexus.intuit.net/nexus/content/groups/public/com/google/protobuf/protobuf-java/3.19.3/protobuf-java-3.19.3.jar
        Progress (1): 0/1.7 MBProgress (1): 0/1.7 MBProgress (1): 0/1.7 MBProgress (1): 0/1.7 MBProgress (1): 0/1.7 MBProgress (1): 0/1.7 MBProgress (1): 0/1.7 MBProgress (1): 0/1.7 MBProgress (1): 0/1.7 MBProgress (1): 0/1.7 MBProgress (1): 0.1/1.7 MBProgress (1): 0.1/1.7 MBProgress (1): 0.1/1.7 MBProgress (1): 0.1/1.7 MBProgress (1): 0.1/1.7 MBProgress (1): 0.1/1.7 MBProgress (1): 0.1/1.7 MBProgress (1): 0.2/1.7 MBProgress (1): 0.2/1.7 MBProgress (1): 0.2/1.7 MBProgress (1): 0.2/1.7 MBProgress (1): 0.2/1.7 MBProgress (1): 0.2/1.7 MBProgress (1): 0.2/1.7 MBProgress (1): 0.2/1.7 MBProgress (1): 0.3/1.7 MBProgress (1): 0.3/1.7 MBProgress (1): 0.3/1.7 MBProgress (1): 0.3/1.7 MBProgress (1): 0.3/1.7 MBProgress (1): 0.4/1.7 MBProgress (1): 0.4/1.7 MBProgress (1): 0.4/1.7 MBProgress (1): 0.4/1.7 MBProgress (1): 0.4/1.7 MBProgress (1): 0.5/1.7 MBProgress (1): 0.5/1.7 MBProgress (1): 0.5/1.7 MBProgress (1): 0.5/1.7 MBProgress (1): 0.5/1.7 MBProgress (1): 0.5/1.7 MBProgress (1): 0.5/1.7 MBProgress (1): 0.6/1.7 MBProgress (1): 0.6/1.7 MBProgress (1): 0.6/1.7 MBProgress (1): 0.7/1.7 MBProgress (1): 0.7/1.7 MBProgress (1): 0.7/1.7 MBProgress (1): 0.7/1.7 MBProgress (1): 0.7/1.7 MBProgress (1): 0.8/1.7 MBProgress (1): 0.8/1.7 MBProgress (1): 0.8/1.7 MBProgress (1): 0.8/1.7 MBProgress (1): 0.8/1.7 MBProgress (1): 0.9/1.7 MBProgress (1): 0.9/1.7 MBProgress (1): 0.9/1.7 MBProgress (1): 0.9/1.7 MBProgress (1): 0.9/1.7 MBProgress (1): 0.9/1.7 MBProgress (1): 0.9/1.7 MBProgress (1): 0.9/1.7 MBProgress (1): 1.0/1.7 MBProgress (1): 1.0/1.7 MBProgress (1): 1.0/1.7 MBProgress (1): 1.0/1.7 MBProgress (1): 1.1/1.7 MBProgress (1): 1.1/1.7 MBProgress (1): 1.1/1.7 MBProgress (1): 1.1/1.7 MBProgress (1): 1.2/1.7 MBProgress (1): 1.2/1.7 MBProgress (1): 1.2/1.7 MBProgress (1): 1.2/1.7 MBProgress (1): 1.2/1.7 MBProgress (1): 1.2/1.7 MBProgress (1): 1.3/1.7 MBProgress (1): 1.3/1.7 MBProgress (1): 1.3/1.7 MBProgress (1): 1.3/1.7 MBProgress (1): 1.3/1.7 MBProgress (1): 1.4/1.7 MBProgress (1): 1.4/1.7 MBProgress (1): 1.4/1.7 MBProgress (1): 1.4/1.7 MBProgress (1): 1.5/1.7 MBProgress (1): 1.5/1.7 MBProgress (1): 1.5/1.7 MBProgress (1): 1.5/1.7 MBProgress (1): 1.6/1.7 MBProgress (1): 1.6/1.7 MBProgress (1): 1.6/1.7 MBProgress (1): 1.6/1.7 MBProgress (1): 1.7/1.7 MBProgress (1): 1.7/1.7 MBProgress (1): 1.7 MB                        Downloaded from nexus: http://nexus.intuit.net/nexus/content/groups/public/com/google/protobuf/protobuf-java/3.19.3/protobuf-java-3.19.3.jar (1.7 MB at 4.0 MB/s)
        Downloading from nexus: http://nexus.intuit.net/nexus/content/groups/public/org/openjdk/jmh/jmh-core/1.21/jmh-core-1.21.jar
        Downloading from nexus: http://nexus.intuit.net/nexus/content/groups/public/net/sf/jopt-simple/jopt-simple/4.6/jopt-simple-4.6.jar
        Downloading from nexus: http://nexus.intuit.net/nexus/content/groups/public/org/apache/commons/commons-math3/3.2/commons-math3-3.2.jar
        Downloading from nexus: http://nexus.intuit.net/nexus/content/groups/public/org/openjdk/jmh/jmh-generator-annprocess/1.21/jmh-generator-annprocess-1.21.jar
        Progress (1): 0/1.7 MBProgress (1): 0/1.7 MBProgress (1): 0.1/1.7 MBProgress (1): 0.1/1.7 MBProgress (1): 0.1/1.7 MBProgress (1): 0.2/1.7 MBProgress (1): 0.2/1.7 MBProgress (1): 0.2/1.7 MBProgress (1): 0.3/1.7 MBProgress (1): 0.3/1.7 MBProgress (1): 0.3/1.7 MBProgress (1): 0.4/1.7 MBProgress (1): 0.4/1.7 MBProgress (1): 0.4/1.7 MBProgress (1): 0.5/1.7 MBProgress (1): 0.5/1.7 MBProgress (1): 0.5/1.7 MBProgress (1): 0.6/1.7 MBProgress (1): 0.6/1.7 MBProgress (1): 0.6/1.7 MBProgress (1): 0.7/1.7 MBProgress (1): 0.7/1.7 MBProgress (1): 0.7/1.7 MBProgress (1): 0.8/1.7 MBProgress (1): 0.8/1.7 MBProgress (1): 0.8/1.7 MBProgress (1): 0.8/1.7 MBProgress (1): 0.8/1.7 MBProgress (1): 0.9/1.7 MBProgress (1): 0.9/1.7 MBProgress (1): 0.9/1.7 MBProgress (1): 0.9/1.7 MBProgress (1): 1.0/1.7 MBProgress (1): 1.0/1.7 MBProgress (1): 1.0/1.7 MBProgress (1): 1.1/1.7 MBProgress (1): 1.1/1.7 MBProgress (1): 1.1/1.7 MBProgress (1): 1.1/1.7 MBProgress (1): 1.2/1.7 MBProgress (1): 1.2/1.7 MBProgress (1): 1.2/1.7 MBProgress (1): 1.2/1.7 MBProgress (1): 1.3/1.7 MBProgress (1): 1.3/1.7 MBProgress (1): 1.3/1.7 MBProgress (1): 1.3/1.7 MBProgress (1): 1.4/1.7 MBProgress (1): 1.4/1.7 MBProgress (1): 1.4/1.7 MBProgress (1): 1.4/1.7 MBProgress (1): 1.5/1.7 MBProgress (1): 1.5/1.7 MBProgress (1): 1.5/1.7 MBProgress (1): 1.5/1.7 MBProgress (1): 1.5/1.7 MBProgress (1): 1.6/1.7 MBProgress (1): 1.6/1.7 MBProgress (1): 1.6/1.7 MBProgress (1): 1.7/1.7 MBProgress (1): 1.7/1.7 MBProgress (1): 1.7 MB                        Downloaded from nexus: http://nexus.intuit.net/nexus/content/groups/public/org/apache/commons/commons-math3/3.2/commons-math3-3.2.jar (1.7 MB at 5.4 MB/s)
        Progress (1): 2.7/31 kBProgress (1): 11/31 kB Progress (2): 11/31 kB | 2.8/62 kBProgress (2): 11/31 kB | 11/62 kB Progress (2): 17/31 kB | 11/62 kBProgress (2): 30/31 kB | 11/62 kBProgress (2): 31 kB | 11/62 kB                                 Downloaded from nexus: http://nexus.intuit.net/nexus/content/groups/public/org/openjdk/jmh/jmh-generator-annprocess/1.21/jmh-generator-annprocess-1.21.jar (31 kB at 88 kB/s)
        Progress (1): 18/62 kBProgress (1): 35/62 kBProgress (1): 36/62 kBProgress (1): 40/62 kBProgress (1): 49/62 kBProgress (1): 50/62 kBProgress (1): 51/62 kBProgress (1): 62 kB                      Downloaded from nexus: http://nexus.intuit.net/nexus/content/groups/public/net/sf/jopt-simple/jopt-simple/4.6/jopt-simple-4.6.jar (62 kB at 157 kB/s)
        Progress (1): 5.3/513 kBProgress (1): 11/513 kB Progress (1): 15/513 kBProgress (1): 24/513 kBProgress (1): 28/513 kBProgress (1): 36/513 kBProgress (1): 44/513 kBProgress (1): 68/513 kBProgress (1): 71/513 kBProgress (1): 73/513 kBProgress (1): 86/513 kBProgress (1): 89/513 kBProgress (1): 99/513 kBProgress (1): 101/513 kBProgress (1): 130/513 kBProgress (1): 163/513 kBProgress (1): 185/513 kBProgress (1): 188/513 kBProgress (1): 211/513 kBProgress (1): 218/513 kBProgress (1): 239/513 kBProgress (1): 243/513 kBProgress (1): 247/513 kBProgress (1): 279/513 kBProgress (1): 283/513 kBProgress (1): 304/513 kBProgress (1): 336/513 kBProgress (1): 337/513 kBProgress (1): 361/513 kBProgress (1): 368/513 kBProgress (1): 396/513 kBProgress (1): 429/513 kBProgress (1): 448/513 kBProgress (1): 478/513 kBProgress (1): 511/513 kBProgress (1): 513 kB                        Downloaded from nexus: http://nexus.intuit.net/nexus/content/groups/public/org/openjdk/jmh/jmh-core/1.21/jmh-core-1.21.jar (513 kB at 939 kB/s)
        [INFO] 
        [INFO] --- resources:3.3.1:resources (default-resources) @ javac-services ---
        [WARNING] Using platform encoding (UTF-8 actually) to copy filtered resources, i.e. build is platform dependent!
        [INFO] skip non existing resourceDirectory /Users/spadia/.local/share/nvim/mason/staging/java-language-server/src/main/resources
        [INFO] 
        [INFO] --- compiler:3.8.0:compile (default-compile) @ javac-services ---
        [INFO] Changes detected - recompiling the module!
        [WARNING] File encoding has not been set, using platform encoding UTF-8, i.e. build is platform dependent!
        [INFO] Compiling 357 source files to /Users/spadia/.local/share/nvim/mason/staging/java-language-server/target/classes
        [INFO] ------------------------------------------------------------------------
        [INFO] BUILD FAILURE
        [INFO] ------------------------------------------------------------------------
        [INFO] Total time:  8.827 s
        [INFO] Finished at: 2023-12-18T09:59:21-08:00
        [INFO] ------------------------------------------------------------------------
        [ERROR] Failed to execute goal org.apache.maven.plugins:maven-compiler-plugin:3.8.0:compile (default-compile) on project javac-services: Fatal error compiling: error: invalid target release: 18 -> [Help 1]
        [ERROR] 
        [ERROR] To see the full stack trace of the errors, re-run Maven with the -e switch.
        [ERROR] Re-run Maven using the -X switch to enable full debug logging.
        [ERROR] 
        [ERROR] For more information about the errors and possible solutions, please read the following articles:
        [ERROR] [Help 1] http://cwiki.apache.org/confluence/display/MAVEN/MojoExecutionException
        spawn: bash failed with exit code 1 and signal 0. 
